0 info it worked if it ends with ok
1 verbose cli [ 'node', '/usr/local/bin/npm', 'install', '-g', 'svgo' ]
2 info using npm@1.4.14
3 info using node@v0.10.29
4 verbose cache add [ 'svgo', null ]
5 verbose cache add name=undefined spec="svgo" args=["svgo",null]
6 verbose parsed url { protocol: null,
6 verbose parsed url   slashes: null,
6 verbose parsed url   auth: null,
6 verbose parsed url   host: null,
6 verbose parsed url   port: null,
6 verbose parsed url   hostname: null,
6 verbose parsed url   hash: null,
6 verbose parsed url   search: null,
6 verbose parsed url   query: null,
6 verbose parsed url   pathname: 'svgo',
6 verbose parsed url   path: 'svgo',
6 verbose parsed url   href: 'svgo' }
7 silly lockFile c7fd6f76-svgo svgo
8 verbose lock svgo /Users/toddmcleod/.npm/c7fd6f76-svgo.lock
9 silly lockFile c7fd6f76-svgo svgo
10 silly lockFile c7fd6f76-svgo svgo
11 verbose addNamed [ 'svgo', '' ]
12 verbose addNamed [ null, '*' ]
13 silly lockFile 3ada83b8-svgo svgo@
14 verbose lock svgo@ /Users/toddmcleod/.npm/3ada83b8-svgo.lock
15 silly addNameRange { name: 'svgo', range: '*', hasData: false }
16 verbose url raw svgo
17 verbose url resolving [ 'https://registry.npmjs.org/', './svgo' ]
18 verbose url resolved https://registry.npmjs.org/svgo
19 info trying registry request attempt 1 at 14:44:42
20 http GET https://registry.npmjs.org/svgo
21 http 200 https://registry.npmjs.org/svgo
22 silly registry.get cb [ 200,
22 silly registry.get   { server: 'CouchDB/1.5.0 (Erlang OTP/R16B03)',
22 silly registry.get     etag: '"9ZSUFUA4JNB3VLEZYLHKDQOE8"',
22 silly registry.get     'content-type': 'application/json',
22 silly registry.get     'content-encoding': 'gzip',
22 silly registry.get     'cache-control': 'max-age=300',
22 silly registry.get     'content-length': '12713',
22 silly registry.get     'accept-ranges': 'bytes',
22 silly registry.get     date: 'Thu, 13 Oct 2016 21:44:43 GMT',
22 silly registry.get     via: '1.1 varnish',
22 silly registry.get     age: '20',
22 silly registry.get     connection: 'keep-alive',
22 silly registry.get     'x-served-by': 'cache-lax8623-LAX',
22 silly registry.get     'x-cache': 'HIT',
22 silly registry.get     'x-cache-hits': '1',
22 silly registry.get     'x-timer': 'S1476395083.257199,VS0,VE0',
22 silly registry.get     vary: 'Accept-Encoding' } ]
23 silly addNameRange number 2 { name: 'svgo', range: '*', hasData: true }
24 silly addNameRange versions [ 'svgo',
24 silly addNameRange   [ '0.0.1',
24 silly addNameRange     '0.0.1-2',
24 silly addNameRange     '0.0.1-3',
24 silly addNameRange     '0.0.2',
24 silly addNameRange     '0.0.3',
24 silly addNameRange     '0.0.4',
24 silly addNameRange     '0.0.5',
24 silly addNameRange     '0.0.5-1',
24 silly addNameRange     '0.0.6',
24 silly addNameRange     '0.0.7',
24 silly addNameRange     '0.0.7-1',
24 silly addNameRange     '0.0.8',
24 silly addNameRange     '0.0.9',
24 silly addNameRange     '0.0.9-1',
24 silly addNameRange     '0.1.0',
24 silly addNameRange     '0.1.1',
24 silly addNameRange     '0.1.2',
24 silly addNameRange     '0.1.3',
24 silly addNameRange     '0.1.4',
24 silly addNameRange     '0.1.5',
24 silly addNameRange     '0.1.6',
24 silly addNameRange     '0.1.7',
24 silly addNameRange     '0.1.8',
24 silly addNameRange     '0.1.9',
24 silly addNameRange     '0.1.9-1',
24 silly addNameRange     '0.2.0',
24 silly addNameRange     '0.2.1',
24 silly addNameRange     '0.2.2',
24 silly addNameRange     '0.2.3',
24 silly addNameRange     '0.2.4',
24 silly addNameRange     '0.3.0',
24 silly addNameRange     '0.3.1',
24 silly addNameRange     '0.3.2',
24 silly addNameRange     '0.3.3',
24 silly addNameRange     '0.3.4',
24 silly addNameRange     '0.3.5',
24 silly addNameRange     '0.3.6',
24 silly addNameRange     '0.3.7',
24 silly addNameRange     '0.4.0',
24 silly addNameRange     '0.4.1',
24 silly addNameRange     '0.4.2',
24 silly addNameRange     '0.4.3',
24 silly addNameRange     '0.4.4',
24 silly addNameRange     '0.4.5',
24 silly addNameRange     '0.5.0',
24 silly addNameRange     '0.5.1',
24 silly addNameRange     '0.5.2',
24 silly addNameRange     '0.5.3',
24 silly addNameRange     '0.5.4',
24 silly addNameRange     '0.5.5',
24 silly addNameRange     '0.5.6',
24 silly addNameRange     '0.6.0',
24 silly addNameRange     '0.6.1',
24 silly addNameRange     '0.6.2',
24 silly addNameRange     '0.6.3',
24 silly addNameRange     '0.6.4',
24 silly addNameRange     '0.6.5',
24 silly addNameRange     '0.6.6',
24 silly addNameRange     '0.7.0',
24 silly addNameRange     '0.7.1' ] ]
25 verbose addNamed [ 'svgo', '0.7.1' ]
26 verbose addNamed [ '0.7.1', '0.7.1' ]
27 silly lockFile 4775b866-svgo-0-7-1 svgo@0.7.1
28 verbose lock svgo@0.7.1 /Users/toddmcleod/.npm/4775b866-svgo-0-7-1.lock
29 silly lockFile b719aeaf-ry-npmjs-org-svgo-svgo-0-7-1-tgz https://registry.npmjs.org/svgo/-/svgo-0.7.1.tgz
30 verbose lock https://registry.npmjs.org/svgo/-/svgo-0.7.1.tgz /Users/toddmcleod/.npm/b719aeaf-ry-npmjs-org-svgo-svgo-0-7-1-tgz.lock
31 verbose addRemoteTarball [ 'https://registry.npmjs.org/svgo/-/svgo-0.7.1.tgz',
31 verbose addRemoteTarball   '287320fed972cb097e72c2bb1685f96fe08f8034' ]
32 info retry fetch attempt 1 at 14:44:43
33 verbose fetch to= /var/folders/mw/fdp3f5t144n0cwct504tfrt80000gn/T/npm-890-8WRcxQIQ/registry.npmjs.org/svgo/-/svgo-0.7.1.tgz
34 http GET https://registry.npmjs.org/svgo/-/svgo-0.7.1.tgz
35 http 200 https://registry.npmjs.org/svgo/-/svgo-0.7.1.tgz
36 silly lockFile b719aeaf-ry-npmjs-org-svgo-svgo-0-7-1-tgz https://registry.npmjs.org/svgo/-/svgo-0.7.1.tgz
37 silly lockFile b719aeaf-ry-npmjs-org-svgo-svgo-0-7-1-tgz https://registry.npmjs.org/svgo/-/svgo-0.7.1.tgz
38 silly lockFile 4775b866-svgo-0-7-1 svgo@0.7.1
39 silly lockFile 4775b866-svgo-0-7-1 svgo@0.7.1
40 silly lockFile 3ada83b8-svgo svgo@
41 silly lockFile 3ada83b8-svgo svgo@
42 silly resolved [ { name: 'svgo',
42 silly resolved     version: '0.7.1',
42 silly resolved     description: 'Nodejs-based tool for optimizing SVG vector graphics files',
42 silly resolved     keywords: [ 'svgo', 'svg', 'optimize', 'minify' ],
42 silly resolved     homepage: 'https://github.com/svg/svgo',
42 silly resolved     bugs:
42 silly resolved      { url: 'https://github.com/svg/svgo/issues',
42 silly resolved        email: 'kir@soulshine.in' },
42 silly resolved     author:
42 silly resolved      { name: 'Kir Belevich',
42 silly resolved        email: 'kir@soulshine.in',
42 silly resolved        url: 'https://github.com/deepsweet' },
42 silly resolved     contributors: [ [Object], [Object] ],
42 silly resolved     repository: { type: 'git', url: 'git://github.com/svg/svgo.git' },
42 silly resolved     main: './lib/svgo.js',
42 silly resolved     bin: { svgo: './bin/svgo' },
42 silly resolved     directories: { bin: './bin', lib: './lib', example: './examples' },
42 silly resolved     scripts:
42 silly resolved      { test: 'set NODE_ENV=test && mocha',
42 silly resolved        jshint: 'jshint --show-non-errors .' },
42 silly resolved     dependencies:
42 silly resolved      { sax: '~1.2.1',
42 silly resolved        coa: '~1.0.1',
42 silly resolved        'js-yaml': '~3.6.1',
42 silly resolved        colors: '~1.1.2',
42 silly resolved        'whet.extend': '~0.9.9',
42 silly resolved        mkdirp: '~0.5.1',
42 silly resolved        csso: '~2.2.1' },
42 silly resolved     devDependencies:
42 silly resolved      { mocha: '~3.1.0',
42 silly resolved        should: '11.1.0',
42 silly resolved        istanbul: '~0.4.5',
42 silly resolved        'mocha-istanbul': '~0.3.0',
42 silly resolved        coveralls: '~2.11.14' },
42 silly resolved     engines: { node: '>=0.10.0' },
42 silly resolved     license: 'MIT',
42 silly resolved     gitHead: '928c2449cb4e48f044a01dd1651e5fb78e5383c4',
42 silly resolved     _id: 'svgo@0.7.1',
42 silly resolved     _shasum: '287320fed972cb097e72c2bb1685f96fe08f8034',
42 silly resolved     _from: 'svgo@',
42 silly resolved     _npmVersion: '3.10.5',
42 silly resolved     _nodeVersion: '6.3.1',
42 silly resolved     _npmUser: { name: 'greli', email: 'grelimail@gmail.com' },
42 silly resolved     dist:
42 silly resolved      { shasum: '287320fed972cb097e72c2bb1685f96fe08f8034',
42 silly resolved        tarball: 'https://registry.npmjs.org/svgo/-/svgo-0.7.1.tgz' },
42 silly resolved     maintainers: [ [Object], [Object] ],
42 silly resolved     _npmOperationalInternal:
42 silly resolved      { host: 'packages-12-west.internal.npmjs.com',
42 silly resolved        tmp: 'tmp/svgo-0.7.1.tgz_1474965956326_0.5539999476168305' },
42 silly resolved     _resolved: 'https://registry.npmjs.org/svgo/-/svgo-0.7.1.tgz' } ]
43 info install svgo@0.7.1 into /usr/local/lib
44 info installOne svgo@0.7.1
45 info /usr/local/lib/node_modules/svgo unbuild
46 verbose tar unpack /Users/toddmcleod/.npm/svgo/0.7.1/package.tgz
47 silly lockFile 16938f5e--usr-local-lib-node-modules-svgo tar:///usr/local/lib/node_modules/svgo
48 verbose lock tar:///usr/local/lib/node_modules/svgo /Users/toddmcleod/.npm/16938f5e--usr-local-lib-node-modules-svgo.lock
49 silly lockFile 7b7466b8-cleod-npm-svgo-0-7-1-package-tgz tar:///Users/toddmcleod/.npm/svgo/0.7.1/package.tgz
50 verbose lock tar:///Users/toddmcleod/.npm/svgo/0.7.1/package.tgz /Users/toddmcleod/.npm/7b7466b8-cleod-npm-svgo-0-7-1-package-tgz.lock
51 silly gunzTarPerm modes [ '755', '644' ]
52 error Error: EACCES, mkdir '/usr/local/lib/node_modules/svgo'
52 error  { [Error: EACCES, mkdir '/usr/local/lib/node_modules/svgo']
52 error   errno: 3,
52 error   code: 'EACCES',
52 error   path: '/usr/local/lib/node_modules/svgo',
52 error   fstream_type: 'Directory',
52 error   fstream_path: '/usr/local/lib/node_modules/svgo',
52 error   fstream_class: 'DirWriter',
52 error   fstream_stack:
52 error    [ '/usr/local/lib/node_modules/npm/node_modules/fstream/lib/dir-writer.js:36:23',
52 error      '/usr/local/lib/node_modules/npm/node_modules/mkdirp/index.js:37:53',
52 error      'Object.oncomplete (fs.js:107:15)' ] }
53 error Please try running this command again as root/Administrator.
54 error System Darwin 14.5.0
55 error command "node" "/usr/local/bin/npm" "install" "-g" "svgo"
56 error cwd /Users/toddmcleod/Desktop/GC/src/github.com/GoesToEleven/CSCI150Project
57 error node -v v0.10.29
58 error npm -v 1.4.14
59 error path /usr/local/lib/node_modules/svgo
60 error fstream_path /usr/local/lib/node_modules/svgo
61 error fstream_type Directory
62 error fstream_class DirWriter
63 error code EACCES
64 error errno 3
65 error stack Error: EACCES, mkdir '/usr/local/lib/node_modules/svgo'
66 error fstream_stack /usr/local/lib/node_modules/npm/node_modules/fstream/lib/dir-writer.js:36:23
66 error fstream_stack /usr/local/lib/node_modules/npm/node_modules/mkdirp/index.js:37:53
66 error fstream_stack Object.oncomplete (fs.js:107:15)
67 verbose exit [ 3, true ]
